2020-05-25 09:37:34.100  INFO 16724 --- [main] c.m.s.SpringBootLearningApplication      : Starting SpringBootLearningApplication on LAPTOP-JC6LIJIP with PID 16724 (D:\Tico\IDEA\SpringBoot\spring-boot-learning\target\classes started by 17374 in D:\Tico\IDEA\SpringBoot\spring-boot-learning)
2020-05-25 09:37:34.102  INFO 16724 --- [main] c.m.s.SpringBootLearningApplication      : The following profiles are active: profile01
2020-05-25 09:37:35.259  INFO 16724 --- [main] o.s.b.w.embedded.tomcat.TomcatWebServer  : Tomcat initialized with port(s): 8080 (http)
2020-05-25 09:37:35.276  INFO 16724 --- [main] o.apache.catalina.core.StandardService   : Starting service [Tomcat]
2020-05-25 09:37:35.277  INFO 16724 --- [main] org.apache.catalina.core.StandardEngine  : Starting Servlet engine: [Apache Tomcat/9.0.35]
2020-05-25 09:37:35.279  INFO 16724 --- [main] o.a.catalina.core.AprLifecycleListener   : Loaded Apache Tomcat Native library [1.2.24] using APR version [1.7.0].
2020-05-25 09:37:35.279  INFO 16724 --- [main] o.a.catalina.core.AprLifecycleListener   : APR capabilities: IPv6 [true], sendfile [true], accept filters [false], random [true].
2020-05-25 09:37:35.280  INFO 16724 --- [main] o.a.catalina.core.AprLifecycleListener   : APR/OpenSSL configuration: useAprConnector [false], useOpenSSL [true]
2020-05-25 09:37:35.284  INFO 16724 --- [main] o.a.catalina.core.AprLifecycleListener   : OpenSSL successfully initialized [OpenSSL 1.1.1g  21 Apr 2020]
2020-05-25 09:37:35.398  INFO 16724 --- [main] o.a.c.c.C.[Tomcat].[localhost].[/]       : Initializing Spring embedded WebApplicationContext
2020-05-25 09:37:35.398  INFO 16724 --- [main] o.s.web.context.ContextLoader            : Root WebApplicationContext: initialization completed in 1255 ms
2020-05-25 09:37:35.557  INFO 16724 --- [main] o.s.s.concurrent.ThreadPoolTaskExecutor  : Initializing ExecutorService 'applicationTaskExecutor'
2020-05-25 09:37:35.725  INFO 16724 --- [main] o.s.b.w.embedded.tomcat.TomcatWebServer  : Tomcat started on port(s): 8080 (http) with context path ''
2020-05-25 09:37:35.736  INFO 16724 --- [main] c.m.s.SpringBootLearningApplication      : Started SpringBootLearningApplication in 2.396 seconds (JVM running for 4.326)
2020-05-25 09:38:35.024  INFO 16724 --- [http-nio-8080-exec-3] o.a.c.c.C.[Tomcat].[localhost].[/]       : Initializing Spring DispatcherServlet 'dispatcherServlet'
2020-05-25 09:38:35.025  INFO 16724 --- [http-nio-8080-exec-3] o.s.web.servlet.DispatcherServlet        : Initializing Servlet 'dispatcherServlet'
2020-05-25 09:38:35.046  INFO 16724 --- [http-nio-8080-exec-3] o.s.web.servlet.DispatcherServlet        : Completed initialization in 20 ms
2020-05-25 09:40:52.649  WARN 16724 --- [http-nio-8080-exec-8] .w.s.m.s.DefaultHandlerExceptionResolver : Resolved [org.springframework.web.HttpRequestMethodNotSupportedException: Request method 'GET' not supported]
2020-05-25 09:42:07.445  WARN 16724 --- [http-nio-8080-exec-4] .w.s.m.s.DefaultHandlerExceptionResolver : Resolved [org.springframework.http.converter.HttpMessageNotReadableException: Required request body is missing: public org.springframework.http.ResponseEntity<java.lang.Object> com.mikolee.springbootlearning.controller.ProductServiceController.updateProduct(java.lang.String,com.mikolee.springbootlearning.model.Product)]
2020-05-25 09:42:08.620  WARN 16724 --- [http-nio-8080-exec-6] .w.s.m.s.DefaultHandlerExceptionResolver : Resolved [org.springframework.http.converter.HttpMessageNotReadableException: Required request body is missing: public org.springframework.http.ResponseEntity<java.lang.Object> com.mikolee.springbootlearning.controller.ProductServiceController.updateProduct(java.lang.String,com.mikolee.springbootlearning.model.Product)]
2020-05-25 09:42:09.460  WARN 16724 --- [http-nio-8080-exec-7] .w.s.m.s.DefaultHandlerExceptionResolver : Resolved [org.springframework.http.converter.HttpMessageNotReadableException: Required request body is missing: public org.springframework.http.ResponseEntity<java.lang.Object> com.mikolee.springbootlearning.controller.ProductServiceController.updateProduct(java.lang.String,com.mikolee.springbootlearning.model.Product)]
2020-05-25 09:42:10.215  WARN 16724 --- [http-nio-8080-exec-9] .w.s.m.s.DefaultHandlerExceptionResolver : Resolved [org.springframework.http.converter.HttpMessageNotReadableException: Required request body is missing: public org.springframework.http.ResponseEntity<java.lang.Object> com.mikolee.springbootlearning.controller.ProductServiceController.updateProduct(java.lang.String,com.mikolee.springbootlearning.model.Product)]
2020-05-25 09:42:12.873  WARN 16724 --- [http-nio-8080-exec-1] .w.s.m.s.DefaultHandlerExceptionResolver : Resolved [org.springframework.http.converter.HttpMessageNotReadableException: Required request body is missing: public org.springframework.http.ResponseEntity<java.lang.Object> com.mikolee.springbootlearning.controller.ProductServiceController.updateProduct(java.lang.String,com.mikolee.springbootlearning.model.Product)]
2020-05-25 09:42:19.711  WARN 16724 --- [http-nio-8080-exec-4] .w.s.m.s.DefaultHandlerExceptionResolver : Resolved [org.springframework.http.converter.HttpMessageNotReadableException: Required request body is missing: public org.springframework.http.ResponseEntity<java.lang.Object> com.mikolee.springbootlearning.controller.ProductServiceController.updateProduct(java.lang.String,com.mikolee.springbootlearning.model.Product)]
2020-05-25 09:42:53.840  WARN 16724 --- [http-nio-8080-exec-2] .w.s.m.s.DefaultHandlerExceptionResolver : Resolved [org.springframework.web.HttpRequestMethodNotSupportedException: Request method 'GET' not supported]
2020-05-25 09:43:17.950  WARN 16724 --- [http-nio-8080-exec-7] .w.s.m.s.DefaultHandlerExceptionResolver : Resolved [org.springframework.http.converter.HttpMessageNotReadableException: Required request body is missing: public org.springframework.http.ResponseEntity<java.lang.Object> com.mikolee.springbootlearning.controller.ProductServiceController.updateProduct(java.lang.String,com.mikolee.springbootlearning.model.Product)]
2020-05-25 09:43:18.813  WARN 16724 --- [http-nio-8080-exec-9] .w.s.m.s.DefaultHandlerExceptionResolver : Resolved [org.springframework.http.converter.HttpMessageNotReadableException: Required request body is missing: public org.springframework.http.ResponseEntity<java.lang.Object> com.mikolee.springbootlearning.controller.ProductServiceController.updateProduct(java.lang.String,com.mikolee.springbootlearning.model.Product)]
2020-05-25 09:43:19.644  WARN 16724 --- [http-nio-8080-exec-1] .w.s.m.s.DefaultHandlerExceptionResolver : Resolved [org.springframework.http.converter.HttpMessageNotReadableException: Required request body is missing: public org.springframework.http.ResponseEntity<java.lang.Object> com.mikolee.springbootlearning.controller.ProductServiceController.updateProduct(java.lang.String,com.mikolee.springbootlearning.model.Product)]
2020-05-25 09:43:20.154  WARN 16724 --- [http-nio-8080-exec-4] .w.s.m.s.DefaultHandlerExceptionResolver : Resolved [org.springframework.http.converter.HttpMessageNotReadableException: Required request body is missing: public org.springframework.http.ResponseEntity<java.lang.Object> com.mikolee.springbootlearning.controller.ProductServiceController.updateProduct(java.lang.String,com.mikolee.springbootlearning.model.Product)]
2020-05-25 09:43:21.508  WARN 16724 --- [http-nio-8080-exec-6] .w.s.m.s.DefaultHandlerExceptionResolver : Resolved [org.springframework.http.converter.HttpMessageNotReadableException: Required request body is missing: public org.springframework.http.ResponseEntity<java.lang.Object> com.mikolee.springbootlearning.controller.ProductServiceController.updateProduct(java.lang.String,com.mikolee.springbootlearning.model.Product)]
2020-05-25 09:43:22.166  WARN 16724 --- [http-nio-8080-exec-7] .w.s.m.s.DefaultHandlerExceptionResolver : Resolved [org.springframework.http.converter.HttpMessageNotReadableException: Required request body is missing: public org.springframework.http.ResponseEntity<java.lang.Object> com.mikolee.springbootlearning.controller.ProductServiceController.updateProduct(java.lang.String,com.mikolee.springbootlearning.model.Product)]
2020-05-25 09:43:22.871  WARN 16724 --- [http-nio-8080-exec-9] .w.s.m.s.DefaultHandlerExceptionResolver : Resolved [org.springframework.http.converter.HttpMessageNotReadableException: Required request body is missing: public org.springframework.http.ResponseEntity<java.lang.Object> com.mikolee.springbootlearning.controller.ProductServiceController.updateProduct(java.lang.String,com.mikolee.springbootlearning.model.Product)]
2020-05-25 09:43:23.350  WARN 16724 --- [http-nio-8080-exec-1] .w.s.m.s.DefaultHandlerExceptionResolver : Resolved [org.springframework.http.converter.HttpMessageNotReadableException: Required request body is missing: public org.springframework.http.ResponseEntity<java.lang.Object> com.mikolee.springbootlearning.controller.ProductServiceController.updateProduct(java.lang.String,com.mikolee.springbootlearning.model.Product)]
2020-05-25 09:43:24.038  WARN 16724 --- [http-nio-8080-exec-4] .w.s.m.s.DefaultHandlerExceptionResolver : Resolved [org.springframework.http.converter.HttpMessageNotReadableException: Required request body is missing: public org.springframework.http.ResponseEntity<java.lang.Object> com.mikolee.springbootlearning.controller.ProductServiceController.updateProduct(java.lang.String,com.mikolee.springbootlearning.model.Product)]
2020-05-25 09:43:24.559  WARN 16724 --- [http-nio-8080-exec-6] .w.s.m.s.DefaultHandlerExceptionResolver : Resolved [org.springframework.http.converter.HttpMessageNotReadableException: Required request body is missing: public org.springframework.http.ResponseEntity<java.lang.Object> com.mikolee.springbootlearning.controller.ProductServiceController.updateProduct(java.lang.String,com.mikolee.springbootlearning.model.Product)]
2020-05-25 09:43:25.097  WARN 16724 --- [http-nio-8080-exec-7] .w.s.m.s.DefaultHandlerExceptionResolver : Resolved [org.springframework.http.converter.HttpMessageNotReadableException: Required request body is missing: public org.springframework.http.ResponseEntity<java.lang.Object> com.mikolee.springbootlearning.controller.ProductServiceController.updateProduct(java.lang.String,com.mikolee.springbootlearning.model.Product)]
2020-05-25 09:46:42.556  WARN 16724 --- [http-nio-8080-exec-1] .w.s.m.s.DefaultHandlerExceptionResolver : Resolved [org.springframework.http.converter.HttpMessageNotReadableException: Required request body is missing: public org.springframework.http.ResponseEntity<java.lang.Object> com.mikolee.springbootlearning.controller.ProductServiceController.updateProduct(java.lang.String,com.mikolee.springbootlearning.model.Product)]
2020-05-25 09:46:43.477  WARN 16724 --- [http-nio-8080-exec-4] .w.s.m.s.DefaultHandlerExceptionResolver : Resolved [org.springframework.http.converter.HttpMessageNotReadableException: Required request body is missing: public org.springframework.http.ResponseEntity<java.lang.Object> com.mikolee.springbootlearning.controller.ProductServiceController.updateProduct(java.lang.String,com.mikolee.springbootlearning.model.Product)]
2020-05-25 09:46:44.188  WARN 16724 --- [http-nio-8080-exec-6] .w.s.m.s.DefaultHandlerExceptionResolver : Resolved [org.springframework.http.converter.HttpMessageNotReadableException: Required request body is missing: public org.springframework.http.ResponseEntity<java.lang.Object> com.mikolee.springbootlearning.controller.ProductServiceController.updateProduct(java.lang.String,com.mikolee.springbootlearning.model.Product)]
2020-05-25 09:46:44.658  WARN 16724 --- [http-nio-8080-exec-7] .w.s.m.s.DefaultHandlerExceptionResolver : Resolved [org.springframework.http.converter.HttpMessageNotReadableException: Required request body is missing: public org.springframework.http.ResponseEntity<java.lang.Object> com.mikolee.springbootlearning.controller.ProductServiceController.updateProduct(java.lang.String,com.mikolee.springbootlearning.model.Product)]
2020-05-25 09:46:49.199  WARN 16724 --- [http-nio-8080-exec-5] .w.s.m.s.DefaultHandlerExceptionResolver : Resolved [org.springframework.web.HttpRequestMethodNotSupportedException: Request method 'POST' not supported]
2020-05-25 09:46:50.257  WARN 16724 --- [http-nio-8080-exec-10] .w.s.m.s.DefaultHandlerExceptionResolver : Resolved [org.springframework.web.HttpRequestMethodNotSupportedException: Request method 'POST' not supported]
2020-05-25 09:46:50.785  WARN 16724 --- [http-nio-8080-exec-1] .w.s.m.s.DefaultHandlerExceptionResolver : Resolved [org.springframework.web.HttpRequestMethodNotSupportedException: Request method 'POST' not supported]
2020-05-25 09:46:58.396  WARN 16724 --- [http-nio-8080-exec-3] .w.s.m.s.DefaultHandlerExceptionResolver : Resolved [org.springframework.http.converter.HttpMessageNotReadableException: Required request body is missing: public org.springframework.http.ResponseEntity<java.lang.Object> com.mikolee.springbootlearning.controller.ProductServiceController.createProduct(com.mikolee.springbootlearning.model.Product)]
2020-05-25 09:46:59.220  WARN 16724 --- [http-nio-8080-exec-2] .w.s.m.s.DefaultHandlerExceptionResolver : Resolved [org.springframework.http.converter.HttpMessageNotReadableException: Required request body is missing: public org.springframework.http.ResponseEntity<java.lang.Object> com.mikolee.springbootlearning.controller.ProductServiceController.createProduct(com.mikolee.springbootlearning.model.Product)]
2020-05-25 09:48:14.587  WARN 16724 --- [http-nio-8080-exec-8] .w.s.m.s.DefaultHandlerExceptionResolver : Resolved [org.springframework.web.HttpMediaTypeNotSupportedException: Content type 'text/plain;charset=UTF-8' not supported]
2020-05-25 09:48:19.677  WARN 16724 --- [http-nio-8080-exec-7] .w.s.m.s.DefaultHandlerExceptionResolver : Resolved [org.springframework.web.HttpMediaTypeNotSupportedException: Content type 'text/plain;charset=UTF-8' not supported]
2020-05-25 09:48:20.378  WARN 16724 --- [http-nio-8080-exec-9] .w.s.m.s.DefaultHandlerExceptionResolver : Resolved [org.springframework.web.HttpMediaTypeNotSupportedException: Content type 'text/plain;charset=UTF-8' not supported]
2020-05-25 09:48:20.945  WARN 16724 --- [http-nio-8080-exec-5] .w.s.m.s.DefaultHandlerExceptionResolver : Resolved [org.springframework.web.HttpMediaTypeNotSupportedException: Content type 'text/plain;charset=UTF-8' not supported]
2020-05-25 09:48:21.407  WARN 16724 --- [http-nio-8080-exec-10] .w.s.m.s.DefaultHandlerExceptionResolver : Resolved [org.springframework.web.HttpMediaTypeNotSupportedException: Content type 'text/plain;charset=UTF-8' not supported]
2020-05-25 09:48:21.806  WARN 16724 --- [http-nio-8080-exec-1] .w.s.m.s.DefaultHandlerExceptionResolver : Resolved [org.springframework.web.HttpMediaTypeNotSupportedException: Content type 'text/plain;charset=UTF-8' not supported]
2020-05-25 09:48:22.228  WARN 16724 --- [http-nio-8080-exec-3] .w.s.m.s.DefaultHandlerExceptionResolver : Resolved [org.springframework.web.HttpMediaTypeNotSupportedException: Content type 'text/plain;charset=UTF-8' not supported]
2020-05-25 09:50:21.917  INFO 16284 --- [main] c.m.s.SpringBootLearningApplication      : Starting SpringBootLearningApplication on LAPTOP-JC6LIJIP with PID 16284 (D:\Tico\IDEA\SpringBoot\spring-boot-learning\target\classes started by 17374 in D:\Tico\IDEA\SpringBoot\spring-boot-learning)
2020-05-25 09:50:21.919  INFO 16284 --- [main] c.m.s.SpringBootLearningApplication      : The following profiles are active: profile01
2020-05-25 09:50:22.606  INFO 16284 --- [main] o.s.b.w.embedded.tomcat.TomcatWebServer  : Tomcat initialized with port(s): 8080 (http)
2020-05-25 09:50:22.614  INFO 16284 --- [main] o.apache.catalina.core.StandardService   : Starting service [Tomcat]
2020-05-25 09:50:22.614  INFO 16284 --- [main] org.apache.catalina.core.StandardEngine  : Starting Servlet engine: [Apache Tomcat/9.0.35]
2020-05-25 09:50:22.615  INFO 16284 --- [main] o.a.catalina.core.AprLifecycleListener   : Loaded Apache Tomcat Native library [1.2.24] using APR version [1.7.0].
2020-05-25 09:50:22.615  INFO 16284 --- [main] o.a.catalina.core.AprLifecycleListener   : APR capabilities: IPv6 [true], sendfile [true], accept filters [false], random [true].
2020-05-25 09:50:22.616  INFO 16284 --- [main] o.a.catalina.core.AprLifecycleListener   : APR/OpenSSL configuration: useAprConnector [false], useOpenSSL [true]
2020-05-25 09:50:22.630  INFO 16284 --- [main] o.a.catalina.core.AprLifecycleListener   : OpenSSL successfully initialized [OpenSSL 1.1.1g  21 Apr 2020]
2020-05-25 09:50:22.752  INFO 16284 --- [main] o.a.c.c.C.[Tomcat].[localhost].[/]       : Initializing Spring embedded WebApplicationContext
2020-05-25 09:50:22.752  INFO 16284 --- [main] o.s.web.context.ContextLoader            : Root WebApplicationContext: initialization completed in 803 ms
2020-05-25 09:50:22.857  INFO 16284 --- [main] o.s.s.concurrent.ThreadPoolTaskExecutor  : Initializing ExecutorService 'applicationTaskExecutor'
2020-05-25 09:50:22.970  INFO 16284 --- [main] o.s.b.w.embedded.tomcat.TomcatWebServer  : Tomcat started on port(s): 8080 (http) with context path ''
2020-05-25 09:50:22.979  INFO 16284 --- [main] c.m.s.SpringBootLearningApplication      : Started SpringBootLearningApplication in 1.47 seconds (JVM running for 2.547)
2020-05-25 09:50:33.242  INFO 16284 --- [http-nio-8080-exec-2] o.a.c.c.C.[Tomcat].[localhost].[/]       : Initializing Spring DispatcherServlet 'dispatcherServlet'
2020-05-25 09:50:33.243  INFO 16284 --- [http-nio-8080-exec-2] o.s.web.servlet.DispatcherServlet        : Initializing Servlet 'dispatcherServlet'
2020-05-25 09:50:33.247  INFO 16284 --- [http-nio-8080-exec-2] o.s.web.servlet.DispatcherServlet        : Completed initialization in 4 ms
2020-05-25 09:50:51.157  WARN 16284 --- [http-nio-8080-exec-3] .w.s.m.s.DefaultHandlerExceptionResolver : Resolved [org.springframework.web.HttpMediaTypeNotSupportedException: Content type 'text/plain;charset=UTF-8' not supported]
2020-05-25 10:07:43.769  INFO 9628 --- [main] c.m.s.SpringBootLearningApplication      : Starting SpringBootLearningApplication on LAPTOP-JC6LIJIP with PID 9628 (D:\Tico\IDEA\SpringBoot\spring-boot-learning\target\classes started by 17374 in D:\Tico\IDEA\SpringBoot\spring-boot-learning)
2020-05-25 10:07:43.776  INFO 9628 --- [main] c.m.s.SpringBootLearningApplication      : The following profiles are active: profile01
2020-05-25 10:07:45.291  INFO 9628 --- [main] o.s.b.w.embedded.tomcat.TomcatWebServer  : Tomcat initialized with port(s): 8080 (http)
2020-05-25 10:07:45.302  INFO 9628 --- [main] o.apache.catalina.core.StandardService   : Starting service [Tomcat]
2020-05-25 10:07:45.303  INFO 9628 --- [main] org.apache.catalina.core.StandardEngine  : Starting Servlet engine: [Apache Tomcat/9.0.35]
2020-05-25 10:07:45.306  INFO 9628 --- [main] o.a.catalina.core.AprLifecycleListener   : Loaded Apache Tomcat Native library [1.2.24] using APR version [1.7.0].
2020-05-25 10:07:45.306  INFO 9628 --- [main] o.a.catalina.core.AprLifecycleListener   : APR capabilities: IPv6 [true], sendfile [true], accept filters [false], random [true].
2020-05-25 10:07:45.306  INFO 9628 --- [main] o.a.catalina.core.AprLifecycleListener   : APR/OpenSSL configuration: useAprConnector [false], useOpenSSL [true]
2020-05-25 10:07:45.310  INFO 9628 --- [main] o.a.catalina.core.AprLifecycleListener   : OpenSSL successfully initialized [OpenSSL 1.1.1g  21 Apr 2020]
2020-05-25 10:07:45.414  INFO 9628 --- [main] o.a.c.c.C.[Tomcat].[localhost].[/]       : Initializing Spring embedded WebApplicationContext
2020-05-25 10:07:45.414  INFO 9628 --- [main] o.s.web.context.ContextLoader            : Root WebApplicationContext: initialization completed in 1527 ms
2020-05-25 10:07:45.600  INFO 9628 --- [main] o.s.s.concurrent.ThreadPoolTaskExecutor  : Initializing ExecutorService 'applicationTaskExecutor'
2020-05-25 10:07:45.768  INFO 9628 --- [main] o.s.b.w.embedded.tomcat.TomcatWebServer  : Tomcat started on port(s): 8080 (http) with context path ''
2020-05-25 10:07:45.781  INFO 9628 --- [main] c.m.s.SpringBootLearningApplication      : Started SpringBootLearningApplication in 2.622 seconds (JVM running for 3.799)
2020-05-25 10:07:47.983  INFO 9628 --- [http-nio-8080-exec-2] o.a.c.c.C.[Tomcat].[localhost].[/]       : Initializing Spring DispatcherServlet 'dispatcherServlet'
2020-05-25 10:07:47.984  INFO 9628 --- [http-nio-8080-exec-2] o.s.web.servlet.DispatcherServlet        : Initializing Servlet 'dispatcherServlet'
2020-05-25 10:07:47.990  INFO 9628 --- [http-nio-8080-exec-2] o.s.web.servlet.DispatcherServlet        : Completed initialization in 5 ms
2020-05-25 10:07:48.022  WARN 9628 --- [http-nio-8080-exec-2] .w.s.m.s.DefaultHandlerExceptionResolver : Resolved [org.springframework.web.HttpMediaTypeNotSupportedException: Content type 'text/plain;charset=UTF-8' not supported]
2020-05-25 10:09:36.501  INFO 21200 --- [main] c.m.s.SpringBootLearningApplication      : Starting SpringBootLearningApplication on LAPTOP-JC6LIJIP with PID 21200 (D:\Tico\IDEA\SpringBoot\spring-boot-learning\target\classes started by 17374 in D:\Tico\IDEA\SpringBoot\spring-boot-learning)
2020-05-25 10:09:36.503  INFO 21200 --- [main] c.m.s.SpringBootLearningApplication      : The following profiles are active: profile01
2020-05-25 10:09:37.643  INFO 21200 --- [main] o.s.b.w.embedded.tomcat.TomcatWebServer  : Tomcat initialized with port(s): 8080 (http)
2020-05-25 10:09:37.652  INFO 21200 --- [main] o.apache.catalina.core.StandardService   : Starting service [Tomcat]
2020-05-25 10:09:37.653  INFO 21200 --- [main] org.apache.catalina.core.StandardEngine  : Starting Servlet engine: [Apache Tomcat/9.0.35]
2020-05-25 10:09:37.654  INFO 21200 --- [main] o.a.catalina.core.AprLifecycleListener   : Loaded Apache Tomcat Native library [1.2.24] using APR version [1.7.0].
2020-05-25 10:09:37.654  INFO 21200 --- [main] o.a.catalina.core.AprLifecycleListener   : APR capabilities: IPv6 [true], sendfile [true], accept filters [false], random [true].
2020-05-25 10:09:37.654  INFO 21200 --- [main] o.a.catalina.core.AprLifecycleListener   : APR/OpenSSL configuration: useAprConnector [false], useOpenSSL [true]
2020-05-25 10:09:37.658  INFO 21200 --- [main] o.a.catalina.core.AprLifecycleListener   : OpenSSL successfully initialized [OpenSSL 1.1.1g  21 Apr 2020]
2020-05-25 10:09:37.760  INFO 21200 --- [main] o.a.c.c.C.[Tomcat].[localhost].[/]       : Initializing Spring embedded WebApplicationContext
2020-05-25 10:09:37.761  INFO 21200 --- [main] o.s.web.context.ContextLoader            : Root WebApplicationContext: initialization completed in 1174 ms
2020-05-25 10:09:37.918  INFO 21200 --- [main] o.s.s.concurrent.ThreadPoolTaskExecutor  : Initializing ExecutorService 'applicationTaskExecutor'
2020-05-25 10:09:38.073  INFO 21200 --- [main] o.s.b.w.embedded.tomcat.TomcatWebServer  : Tomcat started on port(s): 8080 (http) with context path ''
2020-05-25 10:09:38.085  INFO 21200 --- [main] c.m.s.SpringBootLearningApplication      : Started SpringBootLearningApplication in 2.118 seconds (JVM running for 3.139)
2020-05-25 10:09:40.347  INFO 21200 --- [http-nio-8080-exec-1] o.a.c.c.C.[Tomcat].[localhost].[/]       : Initializing Spring DispatcherServlet 'dispatcherServlet'
2020-05-25 10:09:40.348  INFO 21200 --- [http-nio-8080-exec-1] o.s.web.servlet.DispatcherServlet        : Initializing Servlet 'dispatcherServlet'
2020-05-25 10:09:40.357  INFO 21200 --- [http-nio-8080-exec-1] o.s.web.servlet.DispatcherServlet        : Completed initialization in 9 ms
2020-05-25 10:09:40.380  WARN 21200 --- [http-nio-8080-exec-1] .w.s.m.s.DefaultHandlerExceptionResolver : Resolved [org.springframework.web.HttpMediaTypeNotSupportedException: Content type 'text/plain;charset=UTF-8' not supported]
2020-05-25 10:09:41.254  WARN 21200 --- [http-nio-8080-exec-3] .w.s.m.s.DefaultHandlerExceptionResolver : Resolved [org.springframework.web.HttpMediaTypeNotSupportedException: Content type 'text/plain;charset=UTF-8' not supported]
2020-05-25 10:09:42.160  WARN 21200 --- [http-nio-8080-exec-4] .w.s.m.s.DefaultHandlerExceptionResolver : Resolved [org.springframework.web.HttpMediaTypeNotSupportedException: Content type 'text/plain;charset=UTF-8' not supported]
2020-05-25 10:12:38.682  INFO 8292 --- [main] c.m.s.SpringBootLearningApplication      : Starting SpringBootLearningApplication on LAPTOP-JC6LIJIP with PID 8292 (D:\Tico\IDEA\SpringBoot\spring-boot-learning\target\classes started by 17374 in D:\Tico\IDEA\SpringBoot\spring-boot-learning)
2020-05-25 10:12:38.686  INFO 8292 --- [main] c.m.s.SpringBootLearningApplication      : The following profiles are active: profile01
2020-05-25 10:12:39.558  INFO 8292 --- [main] o.s.b.w.embedded.tomcat.TomcatWebServer  : Tomcat initialized with port(s): 8080 (http)
2020-05-25 10:12:39.565  INFO 8292 --- [main] o.apache.catalina.core.StandardService   : Starting service [Tomcat]
2020-05-25 10:12:39.565  INFO 8292 --- [main] org.apache.catalina.core.StandardEngine  : Starting Servlet engine: [Apache Tomcat/9.0.35]
2020-05-25 10:12:39.566  INFO 8292 --- [main] o.a.catalina.core.AprLifecycleListener   : Loaded Apache Tomcat Native library [1.2.24] using APR version [1.7.0].
2020-05-25 10:12:39.566  INFO 8292 --- [main] o.a.catalina.core.AprLifecycleListener   : APR capabilities: IPv6 [true], sendfile [true], accept filters [false], random [true].
2020-05-25 10:12:39.567  INFO 8292 --- [main] o.a.catalina.core.AprLifecycleListener   : APR/OpenSSL configuration: useAprConnector [false], useOpenSSL [true]
2020-05-25 10:12:39.571  INFO 8292 --- [main] o.a.catalina.core.AprLifecycleListener   : OpenSSL successfully initialized [OpenSSL 1.1.1g  21 Apr 2020]
2020-05-25 10:12:39.644  INFO 8292 --- [main] o.a.c.c.C.[Tomcat].[localhost].[/]       : Initializing Spring embedded WebApplicationContext
2020-05-25 10:12:39.644  INFO 8292 --- [main] o.s.web.context.ContextLoader            : Root WebApplicationContext: initialization completed in 900 ms
2020-05-25 10:12:39.751  INFO 8292 --- [main] o.s.s.concurrent.ThreadPoolTaskExecutor  : Initializing ExecutorService 'applicationTaskExecutor'
2020-05-25 10:12:39.910  INFO 8292 --- [main] o.s.b.w.embedded.tomcat.TomcatWebServer  : Tomcat started on port(s): 8080 (http) with context path ''
2020-05-25 10:12:39.923  INFO 8292 --- [main] c.m.s.SpringBootLearningApplication      : Started SpringBootLearningApplication in 1.661 seconds (JVM running for 2.565)
2020-05-25 10:12:43.948  INFO 8292 --- [http-nio-8080-exec-1] o.a.c.c.C.[Tomcat].[localhost].[/]       : Initializing Spring DispatcherServlet 'dispatcherServlet'
2020-05-25 10:12:43.949  INFO 8292 --- [http-nio-8080-exec-1] o.s.web.servlet.DispatcherServlet        : Initializing Servlet 'dispatcherServlet'
2020-05-25 10:12:43.954  INFO 8292 --- [http-nio-8080-exec-1] o.s.web.servlet.DispatcherServlet        : Completed initialization in 5 ms
2020-05-25 10:12:43.985  WARN 8292 --- [http-nio-8080-exec-1] .w.s.m.s.DefaultHandlerExceptionResolver : Resolved [org.springframework.web.HttpMediaTypeNotSupportedException: Content type 'text/plain;charset=UTF-8' not supported]
2020-05-25 10:12:44.945  WARN 8292 --- [http-nio-8080-exec-2] .w.s.m.s.DefaultHandlerExceptionResolver : Resolved [org.springframework.web.HttpMediaTypeNotSupportedException: Content type 'text/plain;charset=UTF-8' not supported]
2020-05-25 10:12:45.686  WARN 8292 --- [http-nio-8080-exec-4] .w.s.m.s.DefaultHandlerExceptionResolver : Resolved [org.springframework.web.HttpMediaTypeNotSupportedException: Content type 'text/plain;charset=UTF-8' not supported]
2020-05-25 10:12:46.163  WARN 8292 --- [http-nio-8080-exec-5] .w.s.m.s.DefaultHandlerExceptionResolver : Resolved [org.springframework.web.HttpMediaTypeNotSupportedException: Content type 'text/plain;charset=UTF-8' not supported]
2020-05-25 10:12:46.562  WARN 8292 --- [http-nio-8080-exec-6] .w.s.m.s.DefaultHandlerExceptionResolver : Resolved [org.springframework.web.HttpMediaTypeNotSupportedException: Content type 'text/plain;charset=UTF-8' not supported]
2020-05-25 10:12:46.869  WARN 8292 --- [http-nio-8080-exec-7] .w.s.m.s.DefaultHandlerExceptionResolver : Resolved [org.springframework.web.HttpMediaTypeNotSupportedException: Content type 'text/plain;charset=UTF-8' not supported]
2020-05-25 10:12:47.245  WARN 8292 --- [http-nio-8080-exec-8] .w.s.m.s.DefaultHandlerExceptionResolver : Resolved [org.springframework.web.HttpMediaTypeNotSupportedException: Content type 'text/plain;charset=UTF-8' not supported]
2020-05-25 10:14:56.759  WARN 8292 --- [http-nio-8080-exec-3] .w.s.m.s.DefaultHandlerExceptionResolver : Resolved [org.springframework.web.HttpMediaTypeNotSupportedException: Content type 'text/plain;charset=UTF-8' not supported]
2020-05-25 10:14:57.569  WARN 8292 --- [http-nio-8080-exec-1] .w.s.m.s.DefaultHandlerExceptionResolver : Resolved [org.springframework.web.HttpMediaTypeNotSupportedException: Content type 'text/plain;charset=UTF-8' not supported]
2020-05-25 10:15:34.722  WARN 8292 --- [http-nio-8080-exec-2] .w.s.m.s.DefaultHandlerExceptionResolver : Resolved [org.springframework.web.HttpMediaTypeNotSupportedException: Content type 'text/plain;charset=UTF-8' not supported]
2020-05-25 10:24:14.637  INFO 19440 --- [main] c.m.s.SpringBootLearningApplication      : Starting SpringBootLearningApplication on LAPTOP-JC6LIJIP with PID 19440 (D:\Tico\IDEA\SpringBoot\spring-boot-learning\target\classes started by 17374 in D:\Tico\IDEA\SpringBoot\spring-boot-learning)
2020-05-25 10:24:14.644  INFO 19440 --- [main] c.m.s.SpringBootLearningApplication      : The following profiles are active: profile01
2020-05-25 10:24:16.264  INFO 19440 --- [main] o.s.b.w.embedded.tomcat.TomcatWebServer  : Tomcat initialized with port(s): 8080 (http)
2020-05-25 10:24:16.276  INFO 19440 --- [main] o.apache.catalina.core.StandardService   : Starting service [Tomcat]
2020-05-25 10:24:16.276  INFO 19440 --- [main] org.apache.catalina.core.StandardEngine  : Starting Servlet engine: [Apache Tomcat/9.0.35]
2020-05-25 10:24:16.278  INFO 19440 --- [main] o.a.catalina.core.AprLifecycleListener   : Loaded Apache Tomcat Native library [1.2.24] using APR version [1.7.0].
2020-05-25 10:24:16.278  INFO 19440 --- [main] o.a.catalina.core.AprLifecycleListener   : APR capabilities: IPv6 [true], sendfile [true], accept filters [false], random [true].
2020-05-25 10:24:16.278  INFO 19440 --- [main] o.a.catalina.core.AprLifecycleListener   : APR/OpenSSL configuration: useAprConnector [false], useOpenSSL [true]
2020-05-25 10:24:16.285  INFO 19440 --- [main] o.a.catalina.core.AprLifecycleListener   : OpenSSL successfully initialized [OpenSSL 1.1.1g  21 Apr 2020]
2020-05-25 10:24:16.389  INFO 19440 --- [main] o.a.c.c.C.[Tomcat].[localhost].[/]       : Initializing Spring embedded WebApplicationContext
2020-05-25 10:24:16.389  INFO 19440 --- [main] o.s.web.context.ContextLoader            : Root WebApplicationContext: initialization completed in 1639 ms
2020-05-25 10:24:16.576  INFO 19440 --- [main] o.s.s.concurrent.ThreadPoolTaskExecutor  : Initializing ExecutorService 'applicationTaskExecutor'
2020-05-25 10:24:16.840  INFO 19440 --- [main] o.s.b.w.embedded.tomcat.TomcatWebServer  : Tomcat started on port(s): 8080 (http) with context path ''
2020-05-25 10:24:16.857  INFO 19440 --- [main] c.m.s.SpringBootLearningApplication      : Started SpringBootLearningApplication in 2.859 seconds (JVM running for 4.29)
2020-05-25 10:24:24.333  INFO 19440 --- [http-nio-8080-exec-1] o.a.c.c.C.[Tomcat].[localhost].[/]       : Initializing Spring DispatcherServlet 'dispatcherServlet'
2020-05-25 10:24:24.334  INFO 19440 --- [http-nio-8080-exec-1] o.s.web.servlet.DispatcherServlet        : Initializing Servlet 'dispatcherServlet'
2020-05-25 10:24:24.340  INFO 19440 --- [http-nio-8080-exec-1] o.s.web.servlet.DispatcherServlet        : Completed initialization in 6 ms
2020-05-25 10:24:24.430  WARN 19440 --- [http-nio-8080-exec-1] .w.s.m.s.DefaultHandlerExceptionResolver : Resolved [org.springframework.web.HttpMediaTypeNotSupportedException: Content type 'text/plain' not supported]
2020-05-25 10:24:25.766  WARN 19440 --- [http-nio-8080-exec-3] .w.s.m.s.DefaultHandlerExceptionResolver : Resolved [org.springframework.web.HttpMediaTypeNotSupportedException: Content type 'text/plain' not supported]
2020-05-25 10:24:26.522  WARN 19440 --- [http-nio-8080-exec-4] .w.s.m.s.DefaultHandlerExceptionResolver : Resolved [org.springframework.web.HttpMediaTypeNotSupportedException: Content type 'text/plain' not supported]
2020-05-25 10:24:27.252  WARN 19440 --- [http-nio-8080-exec-5] .w.s.m.s.DefaultHandlerExceptionResolver : Resolved [org.springframework.web.HttpMediaTypeNotSupportedException: Content type 'text/plain' not supported]
2020-05-25 10:28:14.374  INFO 14132 --- [main] c.m.s.SpringBootLearningApplication      : Starting SpringBootLearningApplication on LAPTOP-JC6LIJIP with PID 14132 (D:\Tico\IDEA\SpringBoot\spring-boot-learning\target\classes started by 17374 in D:\Tico\IDEA\SpringBoot\spring-boot-learning)
2020-05-25 10:28:14.376  INFO 14132 --- [main] c.m.s.SpringBootLearningApplication      : The following profiles are active: profile01
2020-05-25 10:28:15.199  INFO 14132 --- [main] o.s.b.w.embedded.tomcat.TomcatWebServer  : Tomcat initialized with port(s): 8080 (http)
2020-05-25 10:28:15.211  INFO 14132 --- [main] o.apache.catalina.core.StandardService   : Starting service [Tomcat]
2020-05-25 10:28:15.211  INFO 14132 --- [main] org.apache.catalina.core.StandardEngine  : Starting Servlet engine: [Apache Tomcat/9.0.35]
2020-05-25 10:28:15.214  INFO 14132 --- [main] o.a.catalina.core.AprLifecycleListener   : Loaded Apache Tomcat Native library [1.2.24] using APR version [1.7.0].
2020-05-25 10:28:15.214  INFO 14132 --- [main] o.a.catalina.core.AprLifecycleListener   : APR capabilities: IPv6 [true], sendfile [true], accept filters [false], random [true].
2020-05-25 10:28:15.214  INFO 14132 --- [main] o.a.catalina.core.AprLifecycleListener   : APR/OpenSSL configuration: useAprConnector [false], useOpenSSL [true]
2020-05-25 10:28:15.218  INFO 14132 --- [main] o.a.catalina.core.AprLifecycleListener   : OpenSSL successfully initialized [OpenSSL 1.1.1g  21 Apr 2020]
2020-05-25 10:28:15.314  INFO 14132 --- [main] o.a.c.c.C.[Tomcat].[localhost].[/]       : Initializing Spring embedded WebApplicationContext
2020-05-25 10:28:15.315  INFO 14132 --- [main] o.s.web.context.ContextLoader            : Root WebApplicationContext: initialization completed in 903 ms
2020-05-25 10:28:15.499  INFO 14132 --- [main] o.s.s.concurrent.ThreadPoolTaskExecutor  : Initializing ExecutorService 'applicationTaskExecutor'
2020-05-25 10:28:15.690  INFO 14132 --- [main] o.s.b.w.embedded.tomcat.TomcatWebServer  : Tomcat started on port(s): 8080 (http) with context path ''
2020-05-25 10:28:15.703  INFO 14132 --- [main] c.m.s.SpringBootLearningApplication      : Started SpringBootLearningApplication in 1.684 seconds (JVM running for 2.455)
2020-05-25 10:29:20.680  INFO 14132 --- [http-nio-8080-exec-1] o.a.c.c.C.[Tomcat].[localhost].[/]       : Initializing Spring DispatcherServlet 'dispatcherServlet'
2020-05-25 10:29:20.682  INFO 14132 --- [http-nio-8080-exec-1] o.s.web.servlet.DispatcherServlet        : Initializing Servlet 'dispatcherServlet'
2020-05-25 10:29:20.689  INFO 14132 --- [http-nio-8080-exec-1] o.s.web.servlet.DispatcherServlet        : Completed initialization in 6 ms
